<?xml version="1.0" encoding="UTF-8"?>
<!-- Generated by org.testng.reporters.JUnitReportReporter -->
<testsuite hostname="MSI" failures="0" tests="1" name="anhtester.com.Runner.TestRunnerLoginOnlyGherkin" time="0.010" errors="0" timestamp="2023-09-18T14:33:25 ICT" skipped="0">
  <testcase classname="anhtester.com.Runner.TestRunnerLoginOnlyGherkin" name="runScenario" time="0.010"/>
  <system-out/>
</testsuite> <!-- anhtester.com.Runner.TestRunnerLoginOnlyGherkin -->
