<?xml version="1.0" encoding="UTF-8"?>
<!-- Generated by org.testng.reporters.JUnitReportReporter -->
<testsuite hostname="MSI" failures="0" tests="1" name="anhtester.com.Runner.TestRunnerLoginHaveHandle" time="6.175" errors="0" timestamp="2023-09-18T14:33:25 ICT" skipped="0">
  <testcase classname="anhtester.com.Runner.TestRunnerLoginHaveHandle" name="runScenario" time="6.175"/>
  <system-out/>
</testsuite> <!-- anhtester.com.Runner.TestRunnerLoginHaveHandle -->
